build/intermediates/manifest_merge_blame_file/debug/manifest-merger-blame-debug-report.txt
1<?xml version="1.0" encoding="utf-8"?>
2<manifest xmlns:android="http://schemas.android.com/apk/res/android"
3    package="com.internationalhelper.internationalhelper"
4    android:versionCode="1"
5    android:versionName="1.0" >
6
7    <uses-sdk
8        android:minSdkVersion="21"
8-->src/main/AndroidManifest.xml
9        android:targetSdkVersion="29" />
9-->src/main/AndroidManifest.xml
10    <!--
11         The ACCESS_COARSE/FINE_LOCATION permissions are not required to use
12         Google Maps Android API v2, but you must specify either coarse or fine
13         location permissions for the "MyLocation" functionality.
14    -->
15    <uses-permission android:name="android.permission.INTERNET" />
15-->src/main/AndroidManifest.xml:9:5-67
15-->src/main/AndroidManifest.xml:9:22-64
16    <uses-permission android:name="android.permission.READ_EXTERNAL_STORAGE" />
16-->src/main/AndroidManifest.xml:10:5-80
16-->src/main/AndroidManifest.xml:10:22-77
17    <uses-permission android:name="android.permission.WRITE_EXTERNAL_STORAGE" />
17-->src/main/AndroidManifest.xml:11:5-81
17-->src/main/AndroidManifest.xml:11:22-78
18    <uses-permission android:name="android.permission.ACCESS_FINE_LOCATION" />
18-->src/main/AndroidManifest.xml:12:5-79
18-->src/main/AndroidManifest.xml:12:22-76
19    <uses-permission android:name="android.permission.ACCESS_COARSE_LOCATION" />
19-->src/main/AndroidManifest.xml:13:5-81
19-->src/main/AndroidManifest.xml:13:22-78
20    <uses-permission android:name="android.permission.ACCESS_WIFI_STATE" /> <!-- Although the *SdkVersion is captured in gradle build files, this is required for non gradle builds -->
20-->[com.google.android.libraries.places:places:1.0.0] AndroidManifest.xml:10:5-76
20-->[com.google.android.libraries.places:places:1.0.0] AndroidManifest.xml:10:22-73
21    <!-- <uses-sdk android:minSdkVersion="14"/> -->
22    <uses-permission android:name="android.permission.ACCESS_NETWORK_STATE" />
22-->[com.google.firebase:firebase-database:19.5.0] AndroidManifest.xml:25:5-79
22-->[com.google.firebase:firebase-database:19.5.0] AndroidManifest.xml:25:22-76
23
24    <uses-feature
24-->[com.google.android.gms:play-services-maps:17.0.0] AndroidManifest.xml:26:5-28:35
25        android:glEsVersion="0x00020000"
25-->[com.google.android.gms:play-services-maps:17.0.0] AndroidManifest.xml:27:9-41
26        android:required="true" />
26-->[com.google.android.gms:play-services-maps:17.0.0] AndroidManifest.xml:28:9-32
27
28    <application
28-->src/main/AndroidManifest.xml:15:5-63:19
29        android:allowBackup="true"
29-->src/main/AndroidManifest.xml:16:9-35
30        android:appComponentFactory="androidx.core.app.CoreComponentFactory"
30-->[androidx.core:core:1.3.1] AndroidManifest.xml:24:18-86
31        android:debuggable="true"
32        android:icon="@mipmap/ic_launcher"
32-->src/main/AndroidManifest.xml:17:9-43
33        android:label="@string/app_name"
33-->src/main/AndroidManifest.xml:18:9-41
34        android:roundIcon="@mipmap/ic_launcher_round"
34-->src/main/AndroidManifest.xml:19:9-54
35        android:supportsRtl="true"
35-->src/main/AndroidManifest.xml:20:9-35
36        android:testOnly="true"
37        android:theme="@style/AppTheme" >
37-->src/main/AndroidManifest.xml:21:9-40
38        <activity android:name="com.internationalhelper.internationalhelper.UpdatePostACtivity" />
38-->src/main/AndroidManifest.xml:22:9-65
38-->src/main/AndroidManifest.xml:22:19-53
39        <activity android:name="com.internationalhelper.internationalhelper.ManageActivity" />
39-->src/main/AndroidManifest.xml:23:9-52
39-->src/main/AndroidManifest.xml:23:19-49
40        <activity android:name="com.internationalhelper.internationalhelper.ExploreActivity" />
40-->src/main/AndroidManifest.xml:24:9-53
40-->src/main/AndroidManifest.xml:24:19-50
41        <activity android:name="com.internationalhelper.internationalhelper.PostActivity" />
41-->src/main/AndroidManifest.xml:25:9-50
41-->src/main/AndroidManifest.xml:25:19-47
42        <activity
42-->src/main/AndroidManifest.xml:26:9-28:52
43            android:name="com.internationalhelper.internationalhelper.ProfileActivity"
43-->src/main/AndroidManifest.xml:27:13-44
44            android:screenOrientation="portrait" />
44-->src/main/AndroidManifest.xml:28:13-49
45        <activity
45-->src/main/AndroidManifest.xml:29:9-32:59
46            android:name="com.internationalhelper.internationalhelper.homeMainActivity"
46-->src/main/AndroidManifest.xml:30:13-45
47            android:label="@string/title_activity_home_main"
47-->src/main/AndroidManifest.xml:31:13-61
48            android:theme="@style/AppTheme.NoActionBar" />
48-->src/main/AndroidManifest.xml:32:13-56
49        <!--
50             The API key for Google Maps-based APIs is defined as a string resource.
51             (See the file "res/values/google_maps_api.xml").
52             Note that the API key is linked to the encryption key used to sign the APK.
53             You need a different API key for each encryption key, including the release key that is used to
54             sign the APK for publishing.
55             You can define the keys for the debug and release targets in src/debug/ and src/release/.
56        -->
57        <meta-data
57-->src/main/AndroidManifest.xml:41:9-43:71
58            android:name="com.google.android.geo.API_KEY"
58-->src/main/AndroidManifest.xml:42:13-58
59            android:value="AIzaSyCYTBfOGSpWZKSmBLfEMiFqmXAKuxKJB9k" />
59-->src/main/AndroidManifest.xml:43:13-68
60
61        <activity android:name="com.internationalhelper.internationalhelper.LoginActivity" >
61-->src/main/AndroidManifest.xml:45:9-51:20
61-->src/main/AndroidManifest.xml:45:19-48
62            <intent-filter>
62-->src/main/AndroidManifest.xml:46:13-50:29
63                <action android:name="android.intent.action.MAIN" />
63-->src/main/AndroidManifest.xml:47:17-69
63-->src/main/AndroidManifest.xml:47:25-66
64
65                <category android:name="android.intent.category.LAUNCHER" />
65-->src/main/AndroidManifest.xml:49:17-77
65-->src/main/AndroidManifest.xml:49:27-74
66            </intent-filter>
67        </activity>
68        <activity android:name="com.internationalhelper.internationalhelper.RegisterActivity" />
68-->src/main/AndroidManifest.xml:52:9-54
68-->src/main/AndroidManifest.xml:52:19-51
69
70        <provider
70-->src/main/AndroidManifest.xml:54:9-62:20
71            android:name="androidx.core.content.FileProvider"
71-->src/main/AndroidManifest.xml:55:13-62
72            android:authorities="com.internationalhelper.internationalhelper"
72-->src/main/AndroidManifest.xml:56:13-78
73            android:exported="false"
73-->src/main/AndroidManifest.xml:57:13-37
74            android:grantUriPermissions="true" >
74-->src/main/AndroidManifest.xml:58:13-47
75            <meta-data
75-->src/main/AndroidManifest.xml:59:13-61:56
76                android:name="android.support.FILE_PROVIDER_PATHS"
76-->src/main/AndroidManifest.xml:60:17-67
77                android:resource="@xml/fileprovider" />
77-->src/main/AndroidManifest.xml:61:17-53
78        </provider>
79        <!-- Autocomplete -->
80        <activity
80-->[com.google.android.libraries.places:places:1.0.0] AndroidManifest.xml:16:9-23:20
81            android:name="com.google.android.libraries.places.widget.AutocompleteActivity"
81-->[com.google.android.libraries.places:places:1.0.0] AndroidManifest.xml:17:13-91
82            android:exported="false"
82-->[com.google.android.libraries.places:places:1.0.0] AndroidManifest.xml:18:13-37
83            android:hardwareAccelerated="true"
83-->[com.google.android.libraries.places:places:1.0.0] AndroidManifest.xml:19:13-47
84            android:label="@string/places_autocomplete_label"
84-->[com.google.android.libraries.places:places:1.0.0] AndroidManifest.xml:20:13-62
85            android:theme="@style/PlacesAutocompleteThemeOverlay"
85-->[com.google.android.libraries.places:places:1.0.0] AndroidManifest.xml:21:13-66
86            android:windowSoftInputMode="stateAlwaysVisible|adjustPan" >
86-->[com.google.android.libraries.places:places:1.0.0] AndroidManifest.xml:22:13-71
87        </activity>
88
89        <service
89-->[com.google.firebase:firebase-database:19.5.0] AndroidManifest.xml:29:9-35:19
90            android:name="com.google.firebase.components.ComponentDiscoveryService"
90-->[com.google.firebase:firebase-database:19.5.0] AndroidManifest.xml:30:13-84
91            android:directBootAware="true"
91-->[com.google.firebase:firebase-common:19.3.1] AndroidManifest.xml:35:13-43
92            android:exported="false" >
92-->[com.google.firebase:firebase-database:19.5.0] AndroidManifest.xml:31:13-37
93            <meta-data
93-->[com.google.firebase:firebase-database:19.5.0] AndroidManifest.xml:32:13-34:85
94                android:name="com.google.firebase.components:com.google.firebase.database.DatabaseRegistrar"
94-->[com.google.firebase:firebase-database:19.5.0] AndroidManifest.xml:33:17-109
95                android:value="com.google.firebase.components.ComponentRegistrar" />
95-->[com.google.firebase:firebase-database:19.5.0] AndroidManifest.xml:34:17-82
96            <meta-data
96-->[com.google.firebase:firebase-firestore:17.1.2] AndroidManifest.xml:15:13-17:85
97                android:name="com.google.firebase.components:com.google.firebase.firestore.FirestoreRegistrar"
97-->[com.google.firebase:firebase-firestore:17.1.2] AndroidManifest.xml:16:17-111
98                android:value="com.google.firebase.components.ComponentRegistrar" />
98-->[com.google.firebase:firebase-firestore:17.1.2] AndroidManifest.xml:17:17-82
99            <meta-data
99-->[com.google.firebase:firebase-storage:17.0.0] AndroidManifest.xml:31:13-33:85
100                android:name="com.google.firebase.components:com.google.firebase.storage.StorageRegistrar"
100-->[com.google.firebase:firebase-storage:17.0.0] AndroidManifest.xml:32:17-107
101                android:value="com.google.firebase.components.ComponentRegistrar" />
101-->[com.google.firebase:firebase-storage:17.0.0] AndroidManifest.xml:33:17-82
102            <meta-data
102-->[com.google.firebase:firebase-auth:19.4.0] AndroidManifest.xml:36:13-38:85
103                android:name="com.google.firebase.components:com.google.firebase.auth.FirebaseAuthRegistrar"
103-->[com.google.firebase:firebase-auth:19.4.0] AndroidManifest.xml:37:17-109
104                android:value="com.google.firebase.components.ComponentRegistrar" />
104-->[com.google.firebase:firebase-auth:19.4.0] AndroidManifest.xml:38:17-82
105        </service>
106
107        <activity
107-->[com.google.firebase:firebase-auth:19.4.0] AndroidManifest.xml:24:9-31:50
108            android:name="com.google.firebase.auth.internal.FederatedSignInActivity"
108-->[com.google.firebase:firebase-auth:19.4.0] AndroidManifest.xml:25:13-85
109            android:excludeFromRecents="true"
109-->[com.google.firebase:firebase-auth:19.4.0] AndroidManifest.xml:26:13-46
110            android:exported="true"
110-->[com.google.firebase:firebase-auth:19.4.0] AndroidManifest.xml:27:13-36
111            android:launchMode="singleTask"
111-->[com.google.firebase:firebase-auth:19.4.0] AndroidManifest.xml:28:13-44
112            android:permission="com.google.firebase.auth.api.gms.permission.LAUNCH_FEDERATED_SIGN_IN"
112-->[com.google.firebase:firebase-auth:19.4.0] AndroidManifest.xml:29:13-102
113            android:theme="@android:style/Theme.Translucent.NoTitleBar" /> <!-- Needs to be explicitly declared on P+ -->
113-->[com.google.firebase:firebase-auth:19.4.0] AndroidManifest.xml:30:13-72
114        <uses-library
114-->[com.google.android.gms:play-services-maps:17.0.0] AndroidManifest.xml:33:9-35:40
115            android:name="org.apache.http.legacy"
115-->[com.google.android.gms:play-services-maps:17.0.0] AndroidManifest.xml:34:13-50
116            android:required="false" />
116-->[com.google.android.gms:play-services-maps:17.0.0] AndroidManifest.xml:35:13-37
117
118        <activity
118-->[com.google.android.gms:play-services-auth:18.1.0] AndroidManifest.xml:23:9-27:75
119            android:name="com.google.android.gms.auth.api.signin.internal.SignInHubActivity"
119-->[com.google.android.gms:play-services-auth:18.1.0] AndroidManifest.xml:24:13-93
120            android:excludeFromRecents="true"
120-->[com.google.android.gms:play-services-auth:18.1.0] AndroidManifest.xml:25:13-46
121            android:exported="false"
121-->[com.google.android.gms:play-services-auth:18.1.0] AndroidManifest.xml:26:13-37
122            android:theme="@android:style/Theme.Translucent.NoTitleBar" />
122-->[com.google.android.gms:play-services-auth:18.1.0] AndroidManifest.xml:27:13-72
123        <!--
124            Service handling Google Sign-In user revocation. For apps that do not integrate with
125            Google Sign-In, this service will never be started.
126        -->
127        <service
127-->[com.google.android.gms:play-services-auth:18.1.0] AndroidManifest.xml:33:9-37:51
128            android:name="com.google.android.gms.auth.api.signin.RevocationBoundService"
128-->[com.google.android.gms:play-services-auth:18.1.0] AndroidManifest.xml:34:13-89
129            android:exported="true"
129-->[com.google.android.gms:play-services-auth:18.1.0] AndroidManifest.xml:35:13-36
130            android:permission="com.google.android.gms.auth.api.signin.permission.REVOCATION_NOTIFICATION"
130-->[com.google.android.gms:play-services-auth:18.1.0] AndroidManifest.xml:36:13-107
131            android:visibleToInstantApps="true" />
131-->[com.google.android.gms:play-services-auth:18.1.0] AndroidManifest.xml:37:13-48
132
133        <activity
133-->[com.google.android.gms:play-services-base:17.3.0] AndroidManifest.xml:23:9-26:75
134            android:name="com.google.android.gms.common.api.GoogleApiActivity"
134-->[com.google.android.gms:play-services-base:17.3.0] AndroidManifest.xml:24:13-79
135            android:exported="false"
135-->[com.google.android.gms:play-services-base:17.3.0] AndroidManifest.xml:25:13-37
136            android:theme="@android:style/Theme.Translucent.NoTitleBar" />
136-->[com.google.android.gms:play-services-base:17.3.0] AndroidManifest.xml:26:13-72
137
138        <provider
138-->[com.google.firebase:firebase-common:19.3.1] AndroidManifest.xml:26:9-31:39
139            android:name="com.google.firebase.provider.FirebaseInitProvider"
139-->[com.google.firebase:firebase-common:19.3.1] AndroidManifest.xml:27:13-77
140            android:authorities="com.internationalhelper.internationalhelper.firebaseinitprovider"
140-->[com.google.firebase:firebase-common:19.3.1] AndroidManifest.xml:28:13-72
141            android:directBootAware="true"
141-->[com.google.firebase:firebase-common:19.3.1] AndroidManifest.xml:29:13-43
142            android:exported="false"
142-->[com.google.firebase:firebase-common:19.3.1] AndroidManifest.xml:30:13-37
143            android:initOrder="100" />
143-->[com.google.firebase:firebase-common:19.3.1] AndroidManifest.xml:31:13-36
144
145        <meta-data
145-->[com.google.android.gms:play-services-basement:17.3.0] AndroidManifest.xml:23:9-25:69
146            android:name="com.google.android.gms.version"
146-->[com.google.android.gms:play-services-basement:17.3.0] AndroidManifest.xml:24:13-58
147            android:value="@integer/google_play_services_version" />
147-->[com.google.android.gms:play-services-basement:17.3.0] AndroidManifest.xml:25:13-66
148
149        <provider
149-->[androidx.lifecycle:lifecycle-process:2.2.0] AndroidManifest.xml:25:9-29:43
150            android:name="androidx.lifecycle.ProcessLifecycleOwnerInitializer"
150-->[androidx.lifecycle:lifecycle-process:2.2.0] AndroidManifest.xml:26:13-79
151            android:authorities="com.internationalhelper.internationalhelper.lifecycle-process"
151-->[androidx.lifecycle:lifecycle-process:2.2.0] AndroidManifest.xml:27:13-69
152            android:exported="false"
152-->[androidx.lifecycle:lifecycle-process:2.2.0] AndroidManifest.xml:28:13-37
153            android:multiprocess="true" />
153-->[androidx.lifecycle:lifecycle-process:2.2.0] AndroidManifest.xml:29:13-40
154    </application>
155
156</manifest>